<?xml version="1.0" encoding="UTF-8"?>
<testng-results ignored="0" total="1" passed="1" failed="0" skipped="0">
  <reporter-output>
  </reporter-output>
  <suite started-at="2023-12-21T11:16:00 IST" name="Default suite" finished-at="2023-12-21T11:16:08 IST" duration-ms="8110">
    <groups>
    </groups>
    <test started-at="2023-12-21T11:16:00 IST" name="Default test" finished-at="2023-12-21T11:16:08 IST" duration-ms="8110">
      <class name="MySql_demo.opencartdemo">
        <test-method signature="opencart()[pri:0, instance:MySql_demo.opencartdemo@4d5d943d]" started-at="2023-12-21T11:16:00 IST" name="opencart" finished-at="2023-12-21T11:16:08 IST" duration-ms="8001" status="PASS">
          <reporter-output>
          </reporter-output>
        </test-method> <!-- opencart -->
      </class> <!-- MySql_demo.opencartdemo -->
    </test> <!-- Default test -->
  </suite> <!-- Default suite -->
</testng-results>
