<?xml version="1.0" encoding="UTF-8"?>
<testng-results ignored="0" total="1" passed="1" failed="0" skipped="0">
  <reporter-output>
  </reporter-output>
  <suite started-at="2023-10-13T19:30:30 IST" name="Default suite" finished-at="2023-10-13T19:30:36 IST" duration-ms="5696">
    <groups>
    </groups>
    <test started-at="2023-10-13T19:30:30 IST" name="Default test" finished-at="2023-10-13T19:30:36 IST" duration-ms="5696">
      <class name="MySql_demo.opencartdemo">
        <test-method signature="opencart()[pri:0, instance:MySql_demo.opencartdemo@65fb9ffc]" started-at="2023-10-13T19:30:30 IST" name="opencart" finished-at="2023-10-13T19:30:36 IST" duration-ms="5623" status="PASS">
          <reporter-output>
          </reporter-output>
        </test-method> <!-- opencart -->
      </class> <!-- MySql_demo.opencartdemo -->
    </test> <!-- Default test -->
  </suite> <!-- Default suite -->
</testng-results>
